<?xml version="1.0" encoding="UTF-8"?>
<!-- Generated by org.testng.reporters.JUnitReportReporter -->
<testsuite hostname="CIS20" name="executionEngine.NewTest" tests="1" failures="0" timestamp="30 Jan 2015 10:11:36 GMT" time="10.104" errors="0">
  <testcase name="MainExecution" time="10.104" classname="executionEngine.NewTest"/>
</testsuite> <!-- executionEngine.NewTest -->
