<?xml version="1.0" encoding="UTF-8"?>
<!-- Generated by org.testng.reporters.JUnitReportReporter -->
<testsuite hostname="CIS20" name="executionEngine.DriverScript" tests="1" failures="0" timestamp="2 Feb 2015 09:43:49 GMT" time="4.414" errors="0">
  <testcase name="Optus" time="4.414" classname="executionEngine.DriverScript"/>
</testsuite> <!-- executionEngine.DriverScript -->
