<?xml version="1.0" encoding="UTF-8"?>
<!-- Generated by org.testng.reporters.JUnitReportReporter -->
<testsuite hostname="CIS20" name="executionEngine.Appium_DriverScript" tests="1" failures="0" timestamp="14 Oct 2015 12:13:55 GMT" time="113.628" errors="0">
  <testcase name="Appium_AppManager" time="113.628" classname="executionEngine.Appium_DriverScript"/>
</testsuite> <!-- executionEngine.Appium_DriverScript -->
