<?xml version="1.0" encoding="UTF-8"?>
<!-- Generated by org.testng.reporters.JUnitReportReporter -->
<testsuite hostname="CIS20" name="Guru99TakeScreenshot.Guru99TakeScreenshot" tests="1" failures="1" timestamp="2 Feb 2015 04:45:31 GMT" time="15.018" errors="0">
  <testcase name="testGuru99TakeScreenShot" time="15.018" classname="Guru99TakeScreenshot.Guru99TakeScreenshot">
    <failure type="java.io.FileNotFoundException" message="c:\test.png (Access is denied)">
      <![CDATA[java.io.FileNotFoundException: c:\test.png (Access is denied)
	at java.io.FileOutputStream.open(Native Method)
	at java.io.FileOutputStream.<init>(Unknown Source)
	at java.io.FileOutputStream.<init>(Unknown Source)
	at org.apache.commons.io.FileUtils.doCopyFile(FileUtils.java:1069)
	at org.apache.commons.io.FileUtils.copyFile(FileUtils.java:1021)
	at org.apache.commons.io.FileUtils.copyFile(FileUtils.java:968)
	at Guru99TakeScreenshot.Guru99TakeScreenshot.takeSnapShot(Guru99TakeScreenshot.java:39)
	at Guru99TakeScreenshot.Guru99TakeScreenshot.testGuru99TakeScreenShot(Guru99TakeScreenshot.java:20)
	at sun.reflect.NativeMethodAccessorImpl.invoke0(Native Method)
	at sun.reflect.NativeMethodAccessorImpl.invoke(Unknown Source)
	at sun.reflect.DelegatingMethodAccessorImpl.invoke(Unknown Source)
	at java.lang.reflect.Method.invoke(Unknown Source)
	at org.testng.internal.MethodInvocationHelper.invokeMethod(MethodInvocationHelper.java:84)
	at org.testng.internal.Invoker.invokeMethod(Invoker.java:714)
	at org.testng.internal.Invoker.invokeTestMethod(Invoker.java:901)
	at org.testng.internal.Invoker.invokeTestMethods(Invoker.java:1231)
	at org.testng.internal.TestMethodWorker.invokeTestMethods(TestMethodWorker.java:127)
	at org.testng.internal.TestMethodWorker.run(TestMethodWorker.java:111)
	at org.testng.TestRunner.privateRun(TestRunner.java:767)
	at org.testng.TestRunner.run(TestRunner.java:617)
	at org.testng.SuiteRunner.runTest(SuiteRunner.java:334)
	at org.testng.SuiteRunner.runSequentially(SuiteRunner.java:329)
	at org.testng.SuiteRunner.privateRun(SuiteRunner.java:291)
	at org.testng.SuiteRunner.run(SuiteRunner.java:240)
	at org.testng.SuiteRunnerWorker.runSuite(SuiteRunnerWorker.java:52)
	at org.testng.SuiteRunnerWorker.run(SuiteRunnerWorker.java:86)
	at org.testng.TestNG.runSuitesSequentially(TestNG.java:1224)
	at org.testng.TestNG.runSuitesLocally(TestNG.java:1149)
	at org.testng.TestNG.run(TestNG.java:1057)
	at org.testng.remote.RemoteTestNG.run(RemoteTestNG.java:111)
	at org.testng.remote.RemoteTestNG.initAndRun(RemoteTestNG.java:204)
	at org.testng.remote.RemoteTestNG.main(RemoteTestNG.java:175)
]]>
    </failure>
  </testcase> <!-- testGuru99TakeScreenShot -->
</testsuite> <!-- Guru99TakeScreenshot.Guru99TakeScreenshot -->
