<?xml version="1.0" encoding="UTF-8"?>
<!-- Generated by org.testng.reporters.JUnitReportReporter -->
<testsuite hostname="CIS20" name="VisDSLModule.TC003_TOW_ScheduleItems_Page" tests="3" failures="0" timestamp="10 Sep 2015 06:01:55 GMT" time="115.930" errors="0">
  <testcase name="TOW_SignIn_Page" time="43.263" classname="VisDSLModule.TC003_TOW_ScheduleItems_Page"/>
  <testcase name="TOW_ScheduleItems_Page" time="46.726" classname="VisDSLModule.TC003_TOW_ScheduleItems_Page"/>
  <testcase name="TOW_WorkOrder_Page" time="25.941" classname="VisDSLModule.TC003_TOW_ScheduleItems_Page"/>
</testsuite> <!-- VisDSLModule.TC003_TOW_ScheduleItems_Page -->
