<?xml version="1.0" encoding="UTF-8"?>
<!-- Generated by org.testng.reporters.JUnitReportReporter -->
<testsuite hostname="CIS46" name="VisDSLModule.TC001_Technical1_Page"
	tests="3" failures="0" timestamp="14 Aug 2015 10:37:40 GMT" time="59.463"
	errors="0">
	<testcase name="TOW_Technical1Page" time="30.787"
		classname="VisDSLModule.TC001_Technical1_Page" />
	<testcase name="TOW_WorkOrderPage" time="20.660"
		classname="VisDSLModule.TC001_Technical1_Page" />
	<testcase name="TOW_SignIn_Page" time="8.016"
		classname="VisDSLModule.TC001_Technical1_Page" />
</testsuite> <!-- VisDSLModule.TC001_Technical1_Page -->
