<?xml version="1.0" encoding="UTF-8"?>
<!-- Generated by org.testng.reporters.JUnitReportReporter -->
<testsuite hostname="CIS20" name="VisDSLModule.TC022_MyAccount_Page" tests="2" failures="0" timestamp="10 Sep 2015 06:01:55 GMT" time="61.574" errors="0">
  <testcase name="TOW_MyAccount_Page" time="13.654" classname="VisDSLModule.TC022_MyAccount_Page"/>
  <testcase name="TOW_SignIn_Page" time="47.920" classname="VisDSLModule.TC022_MyAccount_Page"/>
</testsuite> <!-- VisDSLModule.TC022_MyAccount_Page -->
