<?xml version="1.0" encoding="UTF-8"?>
<!-- Generated by org.testng.reporters.JUnitReportReporter -->
<testsuite hostname="CIS20" name="VisDSLModule.TC019_Invoices_Client_Page" tests="3" failures="0" timestamp="10 Sep 2015 06:01:55 GMT" time="156.025" errors="0">
  <testcase name="TOW_SignIn_Page" time="43.111" classname="VisDSLModule.TC019_Invoices_Client_Page"/>
  <testcase name="Client_Approved_PAGE" time="56.446" classname="VisDSLModule.TC019_Invoices_Client_Page"/>
  <testcase name="Client_UnApproved_PAGE" time="56.468" classname="VisDSLModule.TC019_Invoices_Client_Page"/>
</testsuite> <!-- VisDSLModule.TC019_Invoices_Client_Page -->
