<?xml version="1.0" encoding="UTF-8"?>
<!-- Generated by org.testng.reporters.JUnitReportReporter -->
<testsuite hostname="CIS46" name="VisDSLModule.TC015_PrintTOW_Page"
	tests="2" failures="0" timestamp="17 Aug 2015 13:01:45 GMT" time="31.184"
	errors="0">
	<testcase name="TOW_SignIn_Page" time="7.959"
		classname="VisDSLModule.TC015_PrintTOW_Page" />
	<testcase name="TOW_PrintTOWPage" time="23.225"
		classname="VisDSLModule.TC015_PrintTOW_Page" />
</testsuite> <!-- VisDSLModule.TC015_PrintTOW_Page -->
