<?xml version="1.0" encoding="UTF-8"?>
<!-- Generated by org.testng.reporters.JUnitReportReporter -->
<testsuite hostname="CIS20" name="VisDSLModule.TC012_TOW_Delete_Page" tests="3" failures="0" timestamp="10 Sep 2015 06:01:55 GMT" time="79.590" errors="0">
  <testcase name="TOW_SignIn_Page" time="43.624" classname="VisDSLModule.TC012_TOW_Delete_Page"/>
  <testcase name="TOW_Delete_Page" time="10.138" classname="VisDSLModule.TC012_TOW_Delete_Page"/>
  <testcase name="TOW_WorkOrder_Page" time="25.828" classname="VisDSLModule.TC012_TOW_Delete_Page"/>
</testsuite> <!-- VisDSLModule.TC012_TOW_Delete_Page -->
