<?xml version="1.0" encoding="UTF-8"?>
<!-- Generated by org.testng.reporters.JUnitReportReporter -->
<testsuite hostname="CIS20" name="VisDSLModule.TC018_Invoice_Contr_Page" tests="5" failures="0" timestamp="10 Sep 2015 06:01:55 GMT" time="154.407" errors="0">
  <testcase name="Resolved_PAGE" time="20.439" classname="VisDSLModule.TC018_Invoice_Contr_Page"/>
  <testcase name="Disputed_PAGE" time="16.420" classname="VisDSLModule.TC018_Invoice_Contr_Page"/>
  <testcase name="Approved_PAGE" time="33.328" classname="VisDSLModule.TC018_Invoice_Contr_Page"/>
  <testcase name="TOW_SignIn_Page" time="42.846" classname="VisDSLModule.TC018_Invoice_Contr_Page"/>
  <testcase name="UnApproved_PAGE" time="41.374" classname="VisDSLModule.TC018_Invoice_Contr_Page"/>
</testsuite> <!-- VisDSLModule.TC018_Invoice_Contr_Page -->
