<?xml version="1.0" encoding="UTF-8"?>
<!-- Generated by org.testng.reporters.JUnitReportReporter -->
<testsuite hostname="CIS20" name="VisDSLModule.TC008_TOW_NonStandInstall_Page" tests="3" failures="0" timestamp="10 Sep 2015 06:01:55 GMT" time="99.524" errors="0">
  <testcase name="TOW_WorkOrder_Page" time="25.808" classname="VisDSLModule.TC008_TOW_NonStandInstall_Page"/>
  <testcase name="TOW_NonstandInstall_Page" time="30.616" classname="VisDSLModule.TC008_TOW_NonStandInstall_Page"/>
  <testcase name="TOW_SignIn_Page" time="43.100" classname="VisDSLModule.TC008_TOW_NonStandInstall_Page"/>
</testsuite> <!-- VisDSLModule.TC008_TOW_NonStandInstall_Page -->
