<?xml version="1.0" encoding="UTF-8"?>
<!-- Generated by org.testng.reporters.JUnitReportReporter -->
<testsuite hostname="CIS20" name="VisDSLModule.TC002_TOW_WorkOrder_Page" tests="2" failures="0" timestamp="10 Sep 2015 06:01:55 GMT" time="299.363" errors="0">
  <testcase name="TOW_SignIn_Page" time="44.103" classname="VisDSLModule.TC002_TOW_WorkOrder_Page"/>
  <testcase name="TOW_WorkOrder_Page" time="255.260" classname="VisDSLModule.TC002_TOW_WorkOrder_Page"/>
</testsuite> <!-- VisDSLModule.TC002_TOW_WorkOrder_Page -->
