<?xml version="1.0" encoding="UTF-8"?>
<!-- Generated by org.testng.reporters.JUnitReportReporter -->
<testsuite hostname="CIS20" name="VisDSLModule.TC006_TOW_APPTTechnical_Page" tests="3" failures="0" timestamp="10 Sep 2015 06:01:55 GMT" time="109.847" errors="0">
  <testcase name="TOW_APPTTechnical_Page" time="40.772" classname="VisDSLModule.TC006_TOW_APPTTechnical_Page"/>
  <testcase name="TOW_WorkOrder_Page" time="25.870" classname="VisDSLModule.TC006_TOW_APPTTechnical_Page"/>
  <testcase name="TOW_SignIn_Page" time="43.205" classname="VisDSLModule.TC006_TOW_APPTTechnical_Page"/>
</testsuite> <!-- VisDSLModule.TC006_TOW_APPTTechnical_Page -->
