<?xml version="1.0" encoding="UTF-8"?>
<!-- Generated by org.testng.reporters.JUnitReportReporter -->
<testsuite hostname="CIS20" name="VisDSLModule.TC007_TOW_Stock_Page" tests="3" failures="0" timestamp="10 Sep 2015 06:01:55 GMT" time="146.111" errors="0">
  <testcase name="TOW_Stock_Page" time="77.107" classname="VisDSLModule.TC007_TOW_Stock_Page"/>
  <testcase name="TOW_WorkOrder_Page" time="25.897" classname="VisDSLModule.TC007_TOW_Stock_Page"/>
  <testcase name="TOW_SignIn_Page" time="43.107" classname="VisDSLModule.TC007_TOW_Stock_Page"/>
</testsuite> <!-- VisDSLModule.TC007_TOW_Stock_Page -->
