<?xml version="1.0" encoding="UTF-8"?>
<!-- Generated by org.testng.reporters.JUnitReportReporter -->
<testsuite hostname="CIS20" name="VisDSLModule.TC009_TOW_Documentation_Page" tests="3" failures="0" timestamp="10 Sep 2015 06:01:55 GMT" time="161.207" errors="0">
  <testcase name="TOW_Documentation_Page" time="92.311" classname="VisDSLModule.TC009_TOW_Documentation_Page"/>
  <testcase name="TOW_SignIn_Page" time="43.059" classname="VisDSLModule.TC009_TOW_Documentation_Page"/>
  <testcase name="TOW_WorkOrder_Page" time="25.837" classname="VisDSLModule.TC009_TOW_Documentation_Page"/>
</testsuite> <!-- VisDSLModule.TC009_TOW_Documentation_Page -->
