<?xml version="1.0" encoding="UTF-8"?>
<!-- Generated by org.testng.reporters.JUnitReportReporter -->
<testsuite hostname="CIS46" name="VisDSLModule.TC014_Schedule_Page"
	tests="2" failures="0" timestamp="17 Aug 2015 12:18:42 GMT" time="24.237"
	errors="0">
	<testcase name="TOW_SignIn_Page" time="7.650"
		classname="VisDSLModule.TC014_Schedule_Page" />
	<testcase name="TOW_SchedulePage" time="16.587"
		classname="VisDSLModule.TC014_Schedule_Page" />
</testsuite> <!-- VisDSLModule.TC014_Schedule_Page -->
