<?xml version="1.0" encoding="UTF-8"?>
<!-- Generated by org.testng.reporters.JUnitReportReporter -->
<testsuite hostname="CIS20" name="VisDSLModule.TC014_NewWorkOrder_Page" tests="2" failures="0" timestamp="10 Sep 2015 06:01:55 GMT" time="88.863" errors="0">
  <testcase name="TOW_SignIn_Page" time="42.959" classname="VisDSLModule.TC014_NewWorkOrder_Page"/>
  <testcase name="TOW_NewWorkOrder_Page" time="45.904" classname="VisDSLModule.TC014_NewWorkOrder_Page"/>
</testsuite> <!-- VisDSLModule.TC014_NewWorkOrder_Page -->
