<?xml version="1.0" encoding="UTF-8"?>
<!-- Generated by org.testng.reporters.JUnitReportReporter -->
<testsuite hostname="CIS46" name="VisDSLModule.TC009_TOW_Copy_Page"
	tests="3" failures="0" timestamp="17 Aug 2015 11:33:03 GMT" time="43.716"
	errors="0">
	<testcase name="TOW_SignIn_Page" time="7.795"
		classname="VisDSLModule.TC009_TOW_Copy_Page" />
	<testcase name="TOW_CopyPage" time="10.139"
		classname="VisDSLModule.TC009_TOW_Copy_Page" />
	<testcase name="TOW_WorkOrderPage" time="25.782"
		classname="VisDSLModule.TC009_TOW_Copy_Page" />
</testsuite> <!-- VisDSLModule.TC009_TOW_Copy_Page -->
