<?xml version="1.0" encoding="UTF-8"?>
<!-- Generated by org.testng.reporters.JUnitReportReporter -->
<testsuite hostname="CIS20" name="VisDSLModule.TC021_Security_Page" tests="2" failures="0" timestamp="10 Sep 2015 06:01:55 GMT" time="159.593" errors="0">
  <testcase name="TOW_Security_Page" time="109.357" classname="VisDSLModule.TC021_Security_Page"/>
  <testcase name="TOW_SignIn_Page" time="50.236" classname="VisDSLModule.TC021_Security_Page"/>
</testsuite> <!-- VisDSLModule.TC021_Security_Page -->
