<?xml version="1.0" encoding="UTF-8"?>
<!-- Generated by org.testng.reporters.JUnitReportReporter -->
<testsuite hostname="CIS46"
	name="VisDSLModule.TC010_TOW_Documentation_Page" tests="3" failures="0"
	timestamp="17 Aug 2015 10:56:19 GMT" time="59.636" errors="0">
	<testcase name="TOW_WorkOrderPage" time="25.780"
		classname="VisDSLModule.TC010_TOW_Documentation_Page" />
	<testcase name="TOW_DocumentationPage" time="26.110"
		classname="VisDSLModule.TC010_TOW_Documentation_Page" />
	<testcase name="TOW_SignIn_Page" time="7.746"
		classname="VisDSLModule.TC010_TOW_Documentation_Page" />
</testsuite> <!-- VisDSLModule.TC010_TOW_Documentation_Page -->
