<?xml version="1.0" encoding="UTF-8"?>
<!-- Generated by org.testng.reporters.JUnitReportReporter -->
<testsuite hostname="CIS20" name="VisDSLModule.TC001_SignIn_Page" tests="1" failures="0" timestamp="10 Sep 2015 06:01:55 GMT" time="45.375" errors="0">
  <testcase name="SignIn_Page" time="45.375" classname="VisDSLModule.TC001_SignIn_Page"/>
</testsuite> <!-- VisDSLModule.TC001_SignIn_Page -->
