<?xml version="1.0" encoding="UTF-8"?>
<!-- Generated by org.testng.reporters.JUnitReportReporter -->
<testsuite hostname="CIS20" name="VisDSLModule.TC015_Schedule_Page" tests="3" failures="0" timestamp="10 Sep 2015 06:01:55 GMT" time="204.379" errors="0">
  <testcase name="TOW_Schedule_Page1" time="85.251" classname="VisDSLModule.TC015_Schedule_Page"/>
  <testcase name="TOW_Schedule_Page2" time="76.079" classname="VisDSLModule.TC015_Schedule_Page"/>
  <testcase name="TOW_SignIn_Page" time="43.049" classname="VisDSLModule.TC015_Schedule_Page"/>
</testsuite> <!-- VisDSLModule.TC015_Schedule_Page -->
