<?xml version="1.0" encoding="UTF-8"?>
<!-- Generated by org.testng.reporters.JUnitReportReporter -->
<testsuite hostname="CIS20" name="VisDSLModule.TC013_Import_Page" tests="2" failures="0" timestamp="10 Sep 2015 06:01:55 GMT" time="78.456" errors="0">
  <testcase name="TOW_Import_Page" time="35.635" classname="VisDSLModule.TC013_Import_Page"/>
  <testcase name="TOW_SignIn_Page" time="42.821" classname="VisDSLModule.TC013_Import_Page"/>
</testsuite> <!-- VisDSLModule.TC013_Import_Page -->
