<?xml version="1.0" encoding="UTF-8"?>
<!-- Generated by org.testng.reporters.JUnitReportReporter -->
<testsuite hostname="CIS20" name="VisDSLModule.TC011_TOW_Copy_Page" tests="3" failures="0" timestamp="10 Sep 2015 06:01:55 GMT" time="79.164" errors="0">
  <testcase name="TOW_WorkOrder_Page" time="25.866" classname="VisDSLModule.TC011_TOW_Copy_Page"/>
  <testcase name="TOW_Copy_Page" time="10.153" classname="VisDSLModule.TC011_TOW_Copy_Page"/>
  <testcase name="TOW_SignIn_Page" time="43.145" classname="VisDSLModule.TC011_TOW_Copy_Page"/>
</testsuite> <!-- VisDSLModule.TC011_TOW_Copy_Page -->
