<?xml version="1.0" encoding="UTF-8"?>
<!-- Generated by org.testng.reporters.JUnitReportReporter -->
<testsuite hostname="CIS20" name="VisDSLModule.TC004_TOW_Technical1_Page" tests="3" failures="0" timestamp="10 Sep 2015 06:01:55 GMT" time="105.447" errors="0">
  <testcase name="TOW_Technical1_Page" time="36.058" classname="VisDSLModule.TC004_TOW_Technical1_Page"/>
  <testcase name="TOW_SignIn_Page" time="43.131" classname="VisDSLModule.TC004_TOW_Technical1_Page"/>
  <testcase name="TOW_WorkOrder_Page" time="26.258" classname="VisDSLModule.TC004_TOW_Technical1_Page"/>
</testsuite> <!-- VisDSLModule.TC004_TOW_Technical1_Page -->
