<?xml version="1.0" encoding="UTF-8"?>
<!-- Generated by org.testng.reporters.JUnitReportReporter -->
<testsuite hostname="CIS20" name="VisDSLModule.TC005_TOW_Technical2_Page" tests="3" failures="0" timestamp="10 Sep 2015 06:01:55 GMT" time="115.265" errors="0">
  <testcase name="TOW_SignIn_Page" time="43.070" classname="VisDSLModule.TC005_TOW_Technical2_Page"/>
  <testcase name="TOW_Technical2_Page" time="46.305" classname="VisDSLModule.TC005_TOW_Technical2_Page"/>
  <testcase name="TOW_WorkOrder_Page" time="25.890" classname="VisDSLModule.TC005_TOW_Technical2_Page"/>
</testsuite> <!-- VisDSLModule.TC005_TOW_Technical2_Page -->
