<?xml version="1.0" encoding="UTF-8"?>
<!-- Generated by org.testng.reporters.JUnitReportReporter -->
<testsuite hostname="CIS20" name="VisDSLModule.TC016_PrintTOW_Page" tests="2" failures="0" timestamp="10 Sep 2015 06:01:55 GMT" time="213.412" errors="0">
  <testcase name="PrintTOW_Page" time="170.351" classname="VisDSLModule.TC016_PrintTOW_Page"/>
  <testcase name="TOW_SignIn_Page" time="43.061" classname="VisDSLModule.TC016_PrintTOW_Page"/>
</testsuite> <!-- VisDSLModule.TC016_PrintTOW_Page -->
