<?xml version="1.0" encoding="UTF-8"?>
<!-- Generated by org.testng.reporters.JUnitReportReporter -->
<testsuite hostname="CIS46" name="VisDSLModule.TC006_APPTTechnical_Page"
	tests="3" failures="0" timestamp="14 Aug 2015 11:34:23 GMT" time="64.513"
	errors="0">
	<testcase name="TOW_WorkOrderPage" time="20.661"
		classname="VisDSLModule.TC006_APPTTechnical_Page" />
	<testcase name="TOW_APPTTechnicalPage" time="35.709"
		classname="VisDSLModule.TC006_APPTTechnical_Page" />
	<testcase name="TOW_SignIn_Page" time="8.143"
		classname="VisDSLModule.TC006_APPTTechnical_Page" />
</testsuite> <!-- VisDSLModule.TC006_APPTTechnical_Page -->
