<?xml version="1.0" encoding="UTF-8"?>
<!-- Generated by org.testng.reporters.JUnitReportReporter -->
<testsuite hostname="CIS46" name="VisDSLModule.TC017_MyAccount_Page"
	tests="2" failures="0" timestamp="18 Aug 2015 03:27:35 GMT" time="12.952"
	errors="0">
	<testcase name="TOW_MyAccountPage" time="4.511"
		classname="VisDSLModule.TC017_MyAccount_Page" />
	<testcase name="TOW_SignIn_Page" time="8.441"
		classname="VisDSLModule.TC017_MyAccount_Page" />
</testsuite> <!-- VisDSLModule.TC017_MyAccount_Page -->
