<?xml version="1.0" encoding="UTF-8"?>
<!-- Generated by org.testng.reporters.JUnitReportReporter -->
<testsuite hostname="CIS20" name="Zoptusmodule.TC016_Mobility_WorkMilestones_Page" tests="3" failures="0" timestamp="16 Aug 2015 06:00:33 GMT" time="62.189" errors="0">
  <testcase name="WorkMilestones_Menu" time="10.112" classname="Zoptusmodule.TC016_Mobility_WorkMilestones_Page"/>
  <testcase name="Dashboard_WorkMilestones_Search" time="25.101" classname="Zoptusmodule.TC016_Mobility_WorkMilestones_Page"/>
  <testcase name="WorkMaterials_SignIn" time="26.976" classname="Zoptusmodule.TC016_Mobility_WorkMilestones_Page"/>
</testsuite> <!-- Zoptusmodule.TC016_Mobility_WorkMilestones_Page -->
