<?xml version="1.0" encoding="UTF-8"?>
<!-- Generated by org.testng.reporters.JUnitReportReporter -->
<testsuite hostname="CIS20" name="Zoptusmodule.TC006_ProjectManagement_Page" tests="9" failures="0" timestamp="8 Jul 2015 19:50:59 GMT" time="215.041" errors="0">
  <testcase name="ProjectManagement_Prgm_Details_Page" time="36.970" classname="Zoptusmodule.TC006_ProjectManagement_Page"/>
  <testcase name="ProjectManagement_Prgm_Documents_Page" time="26.744" classname="Zoptusmodule.TC006_ProjectManagement_Page"/>
  <testcase name="ProjectManagement_Tabs_Page" time="32.864" classname="Zoptusmodule.TC006_ProjectManagement_Page"/>
  <testcase name="ProjectManagement_Documents_Page" time="11.658" classname="Zoptusmodule.TC006_ProjectManagement_Page"/>
  <testcase name="ProjectMangement_SignIN" time="52.370" classname="Zoptusmodule.TC006_ProjectManagement_Page"/>
  <testcase name="ProjectManagement_Prgm_IssueRegister_Page" time="16.846" classname="Zoptusmodule.TC006_ProjectManagement_Page"/>
  <testcase name="ProjectManagement_Tags_Page" time="13.426" classname="Zoptusmodule.TC006_ProjectManagement_Page"/>
  <testcase name="ProjectManagement_YearlyPrgmSummary_Page" time="12.175" classname="Zoptusmodule.TC006_ProjectManagement_Page"/>
  <testcase name="ProjectManagement_IssueRegister_Page" time="11.988" classname="Zoptusmodule.TC006_ProjectManagement_Page"/>
</testsuite> <!-- Zoptusmodule.TC006_ProjectManagement_Page -->
