<?xml version="1.0" encoding="UTF-8"?>
<!-- Generated by org.testng.reporters.JUnitReportReporter -->
<testsuite hostname="CIS20" name="com.Highlightelement" tests="3" failures="0" timestamp="5 Aug 2015 13:31:39 GMT" time="0.181" errors="0">
  <testcase name="getCssValue_ButtonFontWeight" time="0.025" classname="com.Highlightelement"/>
  <testcase name="getCssValue_ButtonColor" time="0.123" classname="com.Highlightelement"/>
  <testcase name="getCssValue_ButtonFontSize" time="0.033" classname="com.Highlightelement"/>
</testsuite> <!-- com.Highlightelement -->
