<?xml version="1.0" encoding="UTF-8"?>
<!-- Generated by org.testng.reporters.JUnitReportReporter -->
<testsuite hostname="CIS20" name="Zoptusmodule.TC013_Mobility_Documents_Page" tests="3" failures="0" timestamp="16 Aug 2015 06:00:33 GMT" time="61.875" errors="0">
  <testcase name="Dashboard_Documents_Search" time="25.111" classname="Zoptusmodule.TC013_Mobility_Documents_Page"/>
  <testcase name="Documents_Menu" time="10.138" classname="Zoptusmodule.TC013_Mobility_Documents_Page"/>
  <testcase name="Documents_SignIn" time="26.626" classname="Zoptusmodule.TC013_Mobility_Documents_Page"/>
</testsuite> <!-- Zoptusmodule.TC013_Mobility_Documents_Page -->
