<?xml version="1.0" encoding="UTF-8"?>
<!-- Generated by org.testng.reporters.JUnitReportReporter -->
<testsuite hostname="CIS20" name="Zoptusmodule.TC007_Desktop_Maintanence_Page" tests="8" failures="0" timestamp="16 Aug 2015 06:00:33 GMT" time="182.502" errors="0">
  <testcase name="Maintanence_BulkUpload_Page" time="45.723" classname="Zoptusmodule.TC007_Desktop_Maintanence_Page"/>
  <testcase name="Maintanence_ForAdmin_Page" time="20.308" classname="Zoptusmodule.TC007_Desktop_Maintanence_Page"/>
  <testcase name="Maintanence_UserEventLog_Page" time="15.210" classname="Zoptusmodule.TC007_Desktop_Maintanence_Page"/>
  <testcase name="Maintanence_WorkTypeBudget_Page" time="33.748" classname="Zoptusmodule.TC007_Desktop_Maintanence_Page"/>
  <testcase name="Maintanence_SignIn" time="15.863" classname="Zoptusmodule.TC007_Desktop_Maintanence_Page"/>
  <testcase name="Maintanence_Materials_Page" time="10.124" classname="Zoptusmodule.TC007_Desktop_Maintanence_Page"/>
  <testcase name="Maintanence_UserAdmin_Page" time="24.006" classname="Zoptusmodule.TC007_Desktop_Maintanence_Page"/>
  <testcase name="Maintanence_ResourceMgnt_Page" time="17.520" classname="Zoptusmodule.TC007_Desktop_Maintanence_Page"/>
</testsuite> <!-- Zoptusmodule.TC007_Desktop_Maintanence_Page -->
