<?xml version="1.0" encoding="UTF-8"?>
<!-- Generated by org.testng.reporters.JUnitReportReporter -->
<testsuite hostname="CIS20" name="Zoptusmodule.TC010_Mail_Config" tests="1" failures="0" timestamp="26 Jun 2015 02:46:18 GMT" time="10.080" errors="0">
  <testcase name="Sent_Mail" time="10.080" classname="Zoptusmodule.TC010_Mail_Config"/>
</testsuite> <!-- Zoptusmodule.TC010_Mail_Config -->
