<?xml version="1.0" encoding="UTF-8"?>
<!-- Generated by org.testng.reporters.JUnitReportReporter -->
<testsuite hostname="CIS20" name="executionEngine.TC003_DriverScript" tests="1" failures="0" timestamp="5 Aug 2015 10:52:05 GMT" time="276.822" errors="0">
  <testcase name="Optus_DesktopReports_Logistics" time="276.822" classname="executionEngine.TC003_DriverScript"/>
</testsuite> <!-- executionEngine.TC003_DriverScript -->
