<?xml version="1.0" encoding="UTF-8"?>
<!-- Generated by org.testng.reporters.JUnitReportReporter -->
<testsuite hostname="CIS20" name="Zoptusmodule.TC006_Desktop_ProjectManagement_Page" tests="9" failures="0" timestamp="16 Aug 2015 06:00:33 GMT" time="166.437" errors="0">
  <testcase name="ProjectManagement_Tags_Page" time="12.933" classname="Zoptusmodule.TC006_Desktop_ProjectManagement_Page"/>
  <testcase name="ProjectManagement_Tabs_Page" time="30.573" classname="Zoptusmodule.TC006_Desktop_ProjectManagement_Page"/>
  <testcase name="ProjectManagement_IssueRegister_Page" time="10.129" classname="Zoptusmodule.TC006_Desktop_ProjectManagement_Page"/>
  <testcase name="ProjectManagement_Prgm_IssueRegister_Page" time="15.199" classname="Zoptusmodule.TC006_Desktop_ProjectManagement_Page"/>
  <testcase name="ProjectMangement_SignIN" time="15.467" classname="Zoptusmodule.TC006_Desktop_ProjectManagement_Page"/>
  <testcase name="ProjectManagement_YearlyPrgmSummary_Page" time="10.117" classname="Zoptusmodule.TC006_Desktop_ProjectManagement_Page"/>
  <testcase name="ProjectManagement_Documents_Page" time="10.124" classname="Zoptusmodule.TC006_Desktop_ProjectManagement_Page"/>
  <testcase name="ProjectManagement_Prgm_Documents_Page" time="25.193" classname="Zoptusmodule.TC006_Desktop_ProjectManagement_Page"/>
  <testcase name="ProjectManagement_Prgm_Details_Page" time="36.702" classname="Zoptusmodule.TC006_Desktop_ProjectManagement_Page"/>
</testsuite> <!-- Zoptusmodule.TC006_Desktop_ProjectManagement_Page -->
