<?xml version="1.0" encoding="UTF-8"?>
<!-- Generated by org.testng.reporters.JUnitReportReporter -->
<testsuite hostname="CIS20" name="Zoptusmodule.TC009_UserProfile_Page" tests="5" failures="0" timestamp="8 Jul 2015 19:50:59 GMT" time="77.959" errors="0">
  <testcase name="UserProfile_EditProfile_Page" time="10.902" classname="Zoptusmodule.TC009_UserProfile_Page"/>
  <testcase name="UserProfile_SwitchLogged_Page" time="20.278" classname="Zoptusmodule.TC009_UserProfile_Page"/>
  <testcase name="UserProfile_TimeSheet_Page" time="27.265" classname="Zoptusmodule.TC009_UserProfile_Page"/>
  <testcase name="UserProfile_Logout_Page" time="6.090" classname="Zoptusmodule.TC009_UserProfile_Page"/>
  <testcase name="UserProfile_SignIn" time="13.424" classname="Zoptusmodule.TC009_UserProfile_Page"/>
</testsuite> <!-- Zoptusmodule.TC009_UserProfile_Page -->
