<?xml version="1.0" encoding="UTF-8"?>
<!-- Generated by org.testng.reporters.JUnitReportReporter -->
<testsuite hostname="CIS20" name="Zoptusmodule.TC005_Commercial_Page" tests="5" failures="0" timestamp="8 Jul 2015 19:50:59 GMT" time="122.876" errors="0">
  <testcase name="Commercial_RequestToClient_Page" time="13.129" classname="Zoptusmodule.TC005_Commercial_Page"/>
  <testcase name="Commercial_RentalAgrmt_Page" time="16.689" classname="Zoptusmodule.TC005_Commercial_Page"/>
  <testcase name="Commercial_PurchaseOrder_Page" time="12.042" classname="Zoptusmodule.TC005_Commercial_Page"/>
  <testcase name="Commercial_Claims_Page" time="27.994" classname="Zoptusmodule.TC005_Commercial_Page"/>
  <testcase name="Commercial_SignIn" time="53.022" classname="Zoptusmodule.TC005_Commercial_Page"/>
</testsuite> <!-- Zoptusmodule.TC005_Commercial_Page -->
