<?xml version="1.0" encoding="UTF-8"?>
<!-- Generated by org.testng.reporters.JUnitReportReporter -->
<testsuite hostname="CIS20" name="Zoptusmodule.TC005_Desktop_Commercial_Page" tests="5" failures="0" timestamp="16 Aug 2015 06:00:33 GMT" time="67.547" errors="0">
  <testcase name="Commercial_PurchaseOrder_Page" time="10.160" classname="Zoptusmodule.TC005_Desktop_Commercial_Page"/>
  <testcase name="Commercial_Claims_Page" time="16.474" classname="Zoptusmodule.TC005_Desktop_Commercial_Page"/>
  <testcase name="Commercial_RentalAgrmt_Page" time="15.157" classname="Zoptusmodule.TC005_Desktop_Commercial_Page"/>
  <testcase name="Commercial_SignIn" time="15.615" classname="Zoptusmodule.TC005_Desktop_Commercial_Page"/>
  <testcase name="Commercial_RequestToClient_Page" time="10.141" classname="Zoptusmodule.TC005_Desktop_Commercial_Page"/>
</testsuite> <!-- Zoptusmodule.TC005_Desktop_Commercial_Page -->
