<?xml version="1.0" encoding="UTF-8"?>
<!-- Generated by org.testng.reporters.JUnitReportReporter -->
<testsuite hostname="CIS20" name="Zoptusmodule.TC002_Home_Page" tests="2" failures="0" timestamp="8 Jul 2015 19:50:59 GMT" time="28.756" errors="0">
  <testcase name="HOME_Page" time="17.363" classname="Zoptusmodule.TC002_Home_Page"/>
  <testcase name="Home_SignIn" time="11.393" classname="Zoptusmodule.TC002_Home_Page"/>
</testsuite> <!-- Zoptusmodule.TC002_Home_Page -->
