<?xml version="1.0" encoding="UTF-8"?>
<!-- Generated by org.testng.reporters.JUnitReportReporter -->
<testsuite hostname="CIS20" name="Sample.SampleTests" tests="2" failures="0" timestamp="6 Aug 2015 09:12:01 GMT" time="15.348" errors="0">
  <testcase name="EnterValue" time="9.226" classname="Sample.SampleTests"/>
  <testcase name="FindPartialLink" time="6.122" classname="Sample.SampleTests"/>
</testsuite> <!-- Sample.SampleTests -->
