<?xml version="1.0" encoding="UTF-8"?>
<!-- Generated by org.testng.reporters.JUnitReportReporter -->
<testsuite hostname="CIS20" name="Zoptusmodule.TC008_Reports_Page" tests="6" failures="0" timestamp="8 Jul 2015 19:50:59 GMT" time="79.289" errors="0">
  <testcase name="PMO_PAGE" time="17.598" classname="Zoptusmodule.TC008_Reports_Page"/>
  <testcase name="Logistics_PAGE" time="11.964" classname="Zoptusmodule.TC008_Reports_Page"/>
  <testcase name="Finance_PAGE" time="12.156" classname="Zoptusmodule.TC008_Reports_Page"/>
  <testcase name="Report_SignIn" time="13.449" classname="Zoptusmodule.TC008_Reports_Page"/>
  <testcase name="ViewMap_PAGE" time="12.326" classname="Zoptusmodule.TC008_Reports_Page"/>
  <testcase name="Delivery_PAGE" time="11.796" classname="Zoptusmodule.TC008_Reports_Page"/>
</testsuite> <!-- Zoptusmodule.TC008_Reports_Page -->
