<?xml version="1.0" encoding="UTF-8"?>
<!-- Generated by org.testng.reporters.JUnitReportReporter -->
<testsuite hostname="CIS20" name="FTPUPLOAD.FTP_UP" tests="1" failures="0" timestamp="12 Aug 2015 10:53:32 GMT" time="0.017" errors="0">
  <testcase name="FTP_Upload" time="0.017" classname="FTPUPLOAD.FTP_UP"/>
</testsuite> <!-- FTPUPLOAD.FTP_UP -->
