<?xml version="1.0" encoding="UTF-8"?>
<!-- Generated by org.testng.reporters.JUnitReportReporter -->
<testsuite hostname="CIS20" name="Zoptusmodule.TC001_SignIn_Page" tests="1" failures="0" timestamp="8 Jul 2015 19:50:59 GMT" time="53.325" errors="0">
  <testcase name="SignInPage" time="53.325" classname="Zoptusmodule.TC001_SignIn_Page"/>
</testsuite> <!-- Zoptusmodule.TC001_SignIn_Page -->
