<?xml version="1.0" encoding="UTF-8"?>
<!-- Generated by org.testng.reporters.JUnitReportReporter -->
<testsuite hostname="CIS20" name="Zoptusmodule.TC011_Mail_Config" tests="1" failures="0" timestamp="26 Jun 2015 01:46:48 GMT" time="3.176" errors="0">
  <testcase name="Sent_Mail" time="3.176" classname="Zoptusmodule.TC011_Mail_Config"/>
</testsuite> <!-- Zoptusmodule.TC011_Mail_Config -->
