<?xml version="1.0" encoding="UTF-8"?>
<!-- Generated by org.testng.reporters.JUnitReportReporter -->
<testsuite hostname="CIS20" name="Zoptusmodule.TC004_Sites_Page" tests="5" failures="0" timestamp="8 Jul 2015 19:50:59 GMT" time="116.456" errors="0">
  <testcase name="Sites_IssueRegister_Page" time="11.722" classname="Zoptusmodule.TC004_Sites_Page"/>
  <testcase name="Sites_SiteDocuments_Page" time="11.872" classname="Zoptusmodule.TC004_Sites_Page"/>
  <testcase name="Sites_SignIn" time="51.741" classname="Zoptusmodule.TC004_Sites_Page"/>
  <testcase name="Sites_Faults_Page" time="13.663" classname="Zoptusmodule.TC004_Sites_Page"/>
  <testcase name="Sites_SiteDetails_Page" time="27.458" classname="Zoptusmodule.TC004_Sites_Page"/>
</testsuite> <!-- Zoptusmodule.TC004_Sites_Page -->
