<?xml version="1.0" encoding="UTF-8"?>
<!-- Generated by org.testng.reporters.JUnitReportReporter -->
<testsuite hostname="CIS20" name="Zoptusmodule.TC014_Mobility_IssueRegister_Page" tests="3" failures="0" timestamp="16 Aug 2015 06:00:33 GMT" time="61.806" errors="0">
  <testcase name="Dashboard_IssueRegister_Search" time="25.102" classname="Zoptusmodule.TC014_Mobility_IssueRegister_Page"/>
  <testcase name="IssueRegister_Menu" time="10.124" classname="Zoptusmodule.TC014_Mobility_IssueRegister_Page"/>
  <testcase name="IssueRegister_SignIn" time="26.580" classname="Zoptusmodule.TC014_Mobility_IssueRegister_Page"/>
</testsuite> <!-- Zoptusmodule.TC014_Mobility_IssueRegister_Page -->
