<?xml version="1.0" encoding="UTF-8"?>
<!-- Generated by org.testng.reporters.JUnitReportReporter -->
<testsuite hostname="CIS20" name="Utility.CheckPageLoadTime" tests="1" failures="0" timestamp="24 Jul 2015 11:09:34 GMT" time="7.110" errors="0">
  <testcase name="aTest" time="7.110" classname="Utility.CheckPageLoadTime"/>
</testsuite> <!-- Utility.CheckPageLoadTime -->
