<?xml version="1.0" encoding="UTF-8"?>
<!-- Generated by org.testng.reporters.JUnitReportReporter -->
<testsuite hostname="CIS20" name="Zoptusmodule.TC010_Mobility_SignIn_Page" tests="1" failures="0" timestamp="16 Aug 2015 06:00:33 GMT" time="85.786" errors="0">
  <testcase name="Mobility_SignInPage" time="85.786" classname="Zoptusmodule.TC010_Mobility_SignIn_Page"/>
</testsuite> <!-- Zoptusmodule.TC010_Mobility_SignIn_Page -->
