<?xml version="1.0" encoding="UTF-8"?>
<!-- Generated by org.testng.reporters.JUnitReportReporter -->
<testsuite hostname="CIS20" name="Zoptusmodule.TC009_Reports_Page" tests="6" failures="0" timestamp="25 Jun 2015 18:37:20 GMT" time="45.371" errors="0">
  <testcase name="Report_SignIn" time="6.152" classname="Zoptusmodule.TC009_Reports_Page"/>
  <testcase name="Finance_PAGE" time="7.758" classname="Zoptusmodule.TC009_Reports_Page"/>
  <testcase name="Logistics_PAGE" time="7.730" classname="Zoptusmodule.TC009_Reports_Page"/>
  <testcase name="Delivery_PAGE" time="7.802" classname="Zoptusmodule.TC009_Reports_Page"/>
  <testcase name="ViewMap_PAGE" time="6.541" classname="Zoptusmodule.TC009_Reports_Page"/>
  <testcase name="PMO_PAGE" time="9.388" classname="Zoptusmodule.TC009_Reports_Page"/>
</testsuite> <!-- Zoptusmodule.TC009_Reports_Page -->
