<?xml version="1.0" encoding="UTF-8"?>
<!-- Generated by org.testng.reporters.JUnitReportReporter -->
<testsuite hostname="CIS20" name="Zoptusmodule.TC008_Desktop_Reports_Page" tests="6" failures="0" timestamp="16 Aug 2015 06:00:33 GMT" time="129.172" errors="0">
  <testcase name="Reports_Delivery_Page" time="10.137" classname="Zoptusmodule.TC008_Desktop_Reports_Page"/>
  <testcase name="Reports_PMO_Page" time="68.018" classname="Zoptusmodule.TC008_Desktop_Reports_Page"/>
  <testcase name="Reports_SignIn" time="20.583" classname="Zoptusmodule.TC008_Desktop_Reports_Page"/>
  <testcase name="Reports_ViewMap_Page" time="10.140" classname="Zoptusmodule.TC008_Desktop_Reports_Page"/>
  <testcase name="Reports_Finance_Page" time="10.156" classname="Zoptusmodule.TC008_Desktop_Reports_Page"/>
  <testcase name="Reports_Logistics_Page" time="10.138" classname="Zoptusmodule.TC008_Desktop_Reports_Page"/>
</testsuite> <!-- Zoptusmodule.TC008_Desktop_Reports_Page -->
