<?xml version="1.0" encoding="UTF-8"?>
<!-- Generated by org.testng.reporters.JUnitReportReporter -->
<testsuite hostname="CIS20" name="Zoptusmodule.TC015_Mobility_WorkMaterials_Page" tests="3" failures="0" timestamp="16 Aug 2015 06:00:33 GMT" time="72.383" errors="0">
  <testcase name="Workmaterials_Menu" time="30.224" classname="Zoptusmodule.TC015_Mobility_WorkMaterials_Page"/>
  <testcase name="WorkMaterials_SignIn" time="26.954" classname="Zoptusmodule.TC015_Mobility_WorkMaterials_Page"/>
  <testcase name="Dashboard_WorkMaterials_Search" time="15.205" classname="Zoptusmodule.TC015_Mobility_WorkMaterials_Page"/>
</testsuite> <!-- Zoptusmodule.TC015_Mobility_WorkMaterials_Page -->
