<?xml version="1.0" encoding="UTF-8"?>
<!-- Generated by org.testng.reporters.JUnitReportReporter -->
<testsuite hostname="CIS20" name="Zoptusmodule.TC003_WorkOrder_Page" tests="9" failures="0" timestamp="8 Jul 2015 19:50:59 GMT" time="312.979" errors="0">
  <testcase name="WorkOrder_IssueRegister_Page" time="10.806" classname="Zoptusmodule.TC003_WorkOrder_Page"/>
  <testcase name="WorkOrder_Details_Page" time="90.429" classname="Zoptusmodule.TC003_WorkOrder_Page"/>
  <testcase name="WorkOrder_Milestones_Page" time="14.490" classname="Zoptusmodule.TC003_WorkOrder_Page"/>
  <testcase name="WorkOrder_Documents_Page" time="97.914" classname="Zoptusmodule.TC003_WorkOrder_Page"/>
  <testcase name="WorkOrder_MaterialOrder_Page" time="27.631" classname="Zoptusmodule.TC003_WorkOrder_Page"/>
  <testcase name="WorkOrder_Faults_Page" time="10.728" classname="Zoptusmodule.TC003_WorkOrder_Page"/>
  <testcase name="WorkOrder_Snag_Page" time="11.777" classname="Zoptusmodule.TC003_WorkOrder_Page"/>
  <testcase name="WorkOrder_BudgetTracker_Page" time="37.329" classname="Zoptusmodule.TC003_WorkOrder_Page"/>
  <testcase name="WorkOrder_SignIn" time="11.875" classname="Zoptusmodule.TC003_WorkOrder_Page"/>
</testsuite> <!-- Zoptusmodule.TC003_WorkOrder_Page -->
