<?xml version="1.0" encoding="UTF-8"?>
<!-- Generated by org.testng.reporters.JUnitReportReporter -->
<testsuite hostname="CIS20" name="Zoptusmodule.TC001_Desktop_SignIn_Page" tests="1" failures="0" timestamp="17 Aug 2015 10:24:53 GMT" time="21.829" errors="0">
  <testcase name="Desktop_SignInPage" time="21.829" classname="Zoptusmodule.TC001_Desktop_SignIn_Page"/>
</testsuite> <!-- Zoptusmodule.TC001_Desktop_SignIn_Page -->
