<?xml version="1.0" encoding="UTF-8"?>
<!-- Generated by org.testng.reporters.JUnitReportReporter -->
<testsuite hostname="CIS20" name="Zoptusmodule.TC007_Maintanence_Page" tests="8" failures="0" timestamp="8 Jul 2015 19:50:59 GMT" time="190.559" errors="0">
  <testcase name="Maintanence_BulkUpload_Page" time="48.249" classname="Zoptusmodule.TC007_Maintanence_Page"/>
  <testcase name="Maintanence_UserAdmin_Page" time="29.165" classname="Zoptusmodule.TC007_Maintanence_Page"/>
  <testcase name="Maintanence_ResourceMgnt_Page" time="12.434" classname="Zoptusmodule.TC007_Maintanence_Page"/>
  <testcase name="Maintanence_ForAdmin_Page" time="22.159" classname="Zoptusmodule.TC007_Maintanence_Page"/>
  <testcase name="Maintanence_WorkTypeBudget_Page" time="35.780" classname="Zoptusmodule.TC007_Maintanence_Page"/>
  <testcase name="Maintanence_Materials_Page" time="12.918" classname="Zoptusmodule.TC007_Maintanence_Page"/>
  <testcase name="Maintanence_UserEventLog_Page" time="17.147" classname="Zoptusmodule.TC007_Maintanence_Page"/>
  <testcase name="Maintanence_SignIn" time="12.707" classname="Zoptusmodule.TC007_Maintanence_Page"/>
</testsuite> <!-- Zoptusmodule.TC007_Maintanence_Page -->
