<?xml version="1.0" encoding="UTF-8"?>
<!-- Generated by org.testng.reporters.JUnitReportReporter -->
<testsuite hostname="CIS20" name="com.Highlight_Text" tests="1" failures="0" timestamp="7 Aug 2015 03:41:31 GMT" time="9.836" errors="0">
  <testcase name="GoogleSearch" time="9.836" classname="com.Highlight_Text"/>
</testsuite> <!-- com.Highlight_Text -->
