<?xml version="1.0" encoding="UTF-8"?>
<!-- Generated by org.testng.reporters.JUnitReportReporter -->
<testsuite hostname="CIS20" name="Zoptusmodule.TC009_Desktop_UserProfile_Page" tests="5" failures="0" timestamp="16 Aug 2015 06:00:33 GMT" time="76.522" errors="0">
  <testcase name="UserProfile_SignIn" time="15.613" classname="Zoptusmodule.TC009_Desktop_UserProfile_Page"/>
  <testcase name="UserProfile_EditProfile_Page" time="10.285" classname="Zoptusmodule.TC009_Desktop_UserProfile_Page"/>
  <testcase name="UserProfile_Logout_Page" time="5.121" classname="Zoptusmodule.TC009_Desktop_UserProfile_Page"/>
  <testcase name="UserProfile_TimeSheet_Page" time="25.288" classname="Zoptusmodule.TC009_Desktop_UserProfile_Page"/>
  <testcase name="UserProfile_SwitchLogged_Page" time="20.215" classname="Zoptusmodule.TC009_Desktop_UserProfile_Page"/>
</testsuite> <!-- Zoptusmodule.TC009_Desktop_UserProfile_Page -->
