<?xml version="1.0" encoding="UTF-8"?>
<!-- Generated by org.testng.reporters.JUnitReportReporter -->
<testsuite hostname="CIS3" name="Zoptusmodule.WorkOrder" tests="1" failures="0" timestamp="24 Jun 2015 08:14:47 GMT" time="27.209" errors="0">
  <testcase name="workorder" time="27.209" classname="Zoptusmodule.WorkOrder"/>
</testsuite> <!-- Zoptusmodule.WorkOrder -->
